<?xml version="1.0" encoding="UTF-8"?>
<testng-results skipped="0" failed="0" ignored="0" total="1" passed="1">
  <reporter-output>
  </reporter-output>
  <suite name="Default suite" duration-ms="32943" started-at="2018-10-11T11:12:51Z" finished-at="2018-10-11T11:13:24Z">
    <groups>
    </groups>
    <test name="Default test" duration-ms="32943" started-at="2018-10-11T11:12:51Z" finished-at="2018-10-11T11:13:24Z">
      <class name="com.pom.testcases.LoginpageTest">
        <test-method status="PASS" signature="setup()[pri:0, instance:com.pom.testcases.LoginpageTest@3532ec19]" name="setup" is-config="true" duration-ms="13369" started-at="2018-10-11T16:42:51Z" finished-at="2018-10-11T16:43:04Z">
          <reporter-output>
          </reporter-output>
        </test-method> <!-- setup -->
        <test-method status="PASS" signature="logintests()[pri:0, instance:com.pom.testcases.LoginpageTest@3532ec19]" name="logintests" duration-ms="18427" started-at="2018-10-11T16:43:04Z" finished-at="2018-10-11T16:43:23Z">
          <reporter-output>
          </reporter-output>
        </test-method> <!-- logintests -->
        <test-method status="PASS" signature="teardown()[pri:0, instance:com.pom.testcases.LoginpageTest@3532ec19]" name="teardown" is-config="true" duration-ms="1126" started-at="2018-10-11T16:43:23Z" finished-at="2018-10-11T16:43:24Z">
          <reporter-output>
          </reporter-output>
        </test-method> <!-- teardown -->
      </class> <!-- com.pom.testcases.LoginpageTest -->
    </test> <!-- Default test -->
  </suite> <!-- Default suite -->
</testng-results>
